Using pre-set license
Built from '2022.3/staging' branch; Version is '2022.3.39f1 (4e1b0f82c39a) revision 5118735'; Using compiler version '192829333'; Build Type 'Release'
OS: 'Windows 10  (10.0.19045) 64bit Core' Language: 'ru' Physical Memory: 32629 MB
BatchMode: 1, IsHumanControllingUs: 0, StartBugReporterOnCrash: 0, Is64bit: 1, IsPro: 1

COMMAND LINE ARGUMENTS:
F:\Unity\Editor\2022.3.39f1\Editor\Unity.exe
-adb2
-batchMode
-noUpm
-name
AssetImportWorker0
-projectPath
D:/Projects/MyTest2/MyTest2
-logFile
Logs/AssetImportWorker0.log
-srvPort
54540
Successfully changed project path to: D:/Projects/MyTest2/MyTest2
D:/Projects/MyTest2/MyTest2
[UnityMemory] Configuration Parameters - Can be set up in boot.config
    "memorysetup-bucket-allocator-granularity=16"
    "memorysetup-bucket-allocator-bucket-count=8"
    "memorysetup-bucket-allocator-block-size=33554432"
    "memorysetup-bucket-allocator-block-count=8"
    "memorysetup-main-allocator-block-size=16777216"
    "memorysetup-thread-allocator-block-size=16777216"
    "memorysetup-gfx-main-allocator-block-size=16777216"
    "memorysetup-gfx-thread-allocator-block-size=16777216"
    "memorysetup-cache-allocator-block-size=4194304"
    "memorysetup-typetree-allocator-block-size=2097152"
    "memorysetup-profiler-bucket-allocator-granularity=16"
    "memorysetup-profiler-bucket-allocator-bucket-count=8"
    "memorysetup-profiler-bucket-allocator-block-size=33554432"
    "memorysetup-profiler-bucket-allocator-block-count=8"
    "memorysetup-profiler-allocator-block-size=16777216"
    "memorysetup-profiler-editor-allocator-block-size=1048576"
    "memorysetup-temp-allocator-size-main=16777216"
    "memorysetup-job-temp-allocator-block-size=2097152"
    "memorysetup-job-temp-allocator-block-size-background=1048576"
    "memorysetup-job-temp-allocator-reduction-small-platforms=262144"
    "memorysetup-allocator-temp-initial-block-size-main=262144"
    "memorysetup-allocator-temp-initial-block-size-worker=262144"
    "memorysetup-temp-allocator-size-background-worker=32768"
    "memorysetup-temp-allocator-size-job-worker=262144"
    "memorysetup-temp-allocator-size-preload-manager=33554432"
    "memorysetup-temp-allocator-size-nav-mesh-worker=65536"
    "memorysetup-temp-allocator-size-audio-worker=65536"
    "memorysetup-temp-allocator-size-cloud-worker=32768"
    "memorysetup-temp-allocator-size-gi-baking-worker=262144"
    "memorysetup-temp-allocator-size-gfx=262144"
Player connection [13796]  Target information:

Player connection [13796]  * "[IP] 10.65.40.25 [Port] 0 [Flags] 2 [Guid] 3906347263 [EditorId] 3906347263 [Version] 1048832 [Id] WindowsEditor(7,DESKTOP-EHMR9II) [Debug] 1 [PackageName] WindowsEditor [ProjectName] Editor" 

Player connection [13796]  * "[IP] 169.254.123.158 [Port] 0 [Flags] 2 [Guid] 3906347263 [EditorId] 3906347263 [Version] 1048832 [Id] WindowsEditor(7,DESKTOP-EHMR9II) [Debug] 1 [PackageName] WindowsEditor [ProjectName] Editor" 

Player connection [13796] Host joined multi-casting on [225.0.0.222:54997]...
Player connection [13796] Host joined alternative multi-casting on [225.0.0.222:34997]...
[PhysX] Initialized MultithreadedTaskDispatcher with 4 workers.
Refreshing native plugins compatible for Editor in 16.82 ms, found 2 plugins.
Preloading 0 native plugins for Editor in 0.00 ms.
Initialize engine version: 2022.3.39f1 (4e1b0f82c39a)
[Subsystems] Discovering subsystems at path F:/Unity/Editor/2022.3.39f1/Editor/Data/Resources/UnitySubsystems
[Subsystems] Discovering subsystems at path D:/Projects/MyTest2/MyTest2/Assets
GfxDevice: creating device client; threaded=0; jobified=0
Direct3D:
    Version:  Direct3D 11.0 [level 11.1]
    Renderer: NVIDIA GeForce RTX 2070 (ID=0x1f07)
    Vendor:   NVIDIA
    VRAM:     8006 MB
    Driver:   32.0.15.6094
Initialize mono
Mono path[0] = 'F:/Unity/Editor/2022.3.39f1/Editor/Data/Managed'
Mono path[1] = 'F:/Unity/Editor/2022.3.39f1/Editor/Data/MonoBleedingEdge/lib/mono/unityjit-win32'
Mono config path = 'F:/Unity/Editor/2022.3.39f1/Editor/Data/MonoBleedingEdge/etc'
Using monoOptions --debugger-agent=transport=dt_socket,embedding=1,server=y,suspend=n,address=127.0.0.1:56740
Begin MonoManager ReloadAssembly
Registering precompiled unity dll's ...
Register platform support module: F:/Unity/Editor/2022.3.39f1/Editor/Data/PlaybackEngines/WebGLSupport/UnityEditor.WebGL.Extensions.dll
Register platform support module: F:/Unity/Editor/2022.3.39f1/Editor/Data/PlaybackEngines/AndroidPlayer/UnityEditor.Android.Extensions.dll
Register platform support module: F:/Unity/Editor/2022.3.39f1/Editor/Data/PlaybackEngines/WindowsStandaloneSupport/UnityEditor.WindowsStandalone.Extensions.dll
Registered in 0.013121 seconds.
- Loaded All Assemblies, in  1.952 seconds
Native extension for WindowsStandalone target not found
Native extension for Android target not found
Android Extension - Scanning For ADB Devices 787 ms
Native extension for WebGL target not found
Mono: successfully reloaded assembly
- Finished resetting the current domain, in  4.550 seconds
Domain Reload Profiling: 6502ms
	BeginReloadAssembly (298ms)
		ExecutionOrderSort (0ms)
		DisableScriptedObjects (0ms)
		BackupInstance (0ms)
		ReleaseScriptingObjects (0ms)
		CreateAndSetChildDomain (1ms)
	RebuildCommonClasses (468ms)
	RebuildNativeTypeToScriptingClass (33ms)
	initialDomainReloadingComplete (180ms)
	LoadAllAssembliesAndSetupDomain (971ms)
		LoadAssemblies (300ms)
		RebuildTransferFunctionScriptingTraits (0ms)
		AnalyzeDomain (965ms)
			TypeCache.Refresh (962ms)
				TypeCache.ScanAssembly (936ms)
			ScanForSourceGeneratedMonoScriptInfo (1ms)
			ResolveRequiredComponents (1ms)
	FinalizeReload (4551ms)
		ReleaseScriptCaches (0ms)
		RebuildScriptCaches (0ms)
		SetupLoadedEditorAssemblies (1676ms)
			LogAssemblyErrors (0ms)
			InitializePlatformSupportModulesInManaged (1089ms)
			SetLoadedEditorAssemblies (21ms)
			RefreshPlugins (0ms)
			BeforeProcessingInitializeOnLoad (3ms)
			ProcessInitializeOnLoadAttributes (269ms)
			ProcessInitializeOnLoadMethodAttributes (293ms)
			AfterProcessingInitializeOnLoad (0ms)
			EditorAssembliesLoaded (0ms)
		ExecutionOrderSort2 (0ms)
		AwakeInstancesAfterBackupRestoration (0ms)
========================================================================
Worker process is ready to serve import requests
Begin MonoManager ReloadAssembly
Symbol file LoadedFromMemory is not a mono symbol file
- Loaded All Assemblies, in 39.578 seconds
Refreshing native plugins compatible for Editor in 25.56 ms, found 2 plugins.
Native extension for WindowsStandalone target not found
Native extension for Android target not found
Native extension for WebGL target not found
Package Manager log level set to [2]
[Package Manager] Server::EnsureServerProcessIsRunning -- launch failed, reason: Unity was launched with the -noUpm command-line argument
[Package Manager] UpmClient::Send -- Unable to send message (not connected to UPM process).
[Package Manager] Cannot connect to Unity Package Manager local server
Mono: successfully reloaded assembly
- Finished resetting the current domain, in  2.202 seconds
Domain Reload Profiling: 41782ms
	BeginReloadAssembly (323ms)
		ExecutionOrderSort (0ms)
		DisableScriptedObjects (15ms)
		BackupInstance (0ms)
		ReleaseScriptingObjects (0ms)
		CreateAndSetChildDomain (50ms)
	RebuildCommonClasses (54ms)
	RebuildNativeTypeToScriptingClass (23ms)
	initialDomainReloadingComplete (70ms)
	LoadAllAssembliesAndSetupDomain (39109ms)
		LoadAssemblies (12528ms)
		RebuildTransferFunctionScriptingTraits (0ms)
		AnalyzeDomain (26750ms)
			TypeCache.Refresh (26054ms)
				TypeCache.ScanAssembly (25894ms)
			ScanForSourceGeneratedMonoScriptInfo (208ms)
			ResolveRequiredComponents (482ms)
	FinalizeReload (2203ms)
		ReleaseScriptCaches (0ms)
		RebuildScriptCaches (0ms)
		SetupLoadedEditorAssemblies (1632ms)
			LogAssemblyErrors (0ms)
			InitializePlatformSupportModulesInManaged (117ms)
			SetLoadedEditorAssemblies (8ms)
			RefreshPlugins (0ms)
			BeforeProcessingInitializeOnLoad (89ms)
			ProcessInitializeOnLoadAttributes (667ms)
			ProcessInitializeOnLoadMethodAttributes (746ms)
			AfterProcessingInitializeOnLoad (5ms)
			EditorAssembliesLoaded (1ms)
		ExecutionOrderSort2 (0ms)
		AwakeInstancesAfterBackupRestoration (14ms)
Launched and connected shader compiler UnityShaderCompiler.exe after 0.19 seconds
Refreshing native plugins compatible for Editor in 19.44 ms, found 2 plugins.
Preloading 0 native plugins for Editor in 0.00 ms.
Unloading 2751 Unused Serialized files (Serialized files now loaded: 0)
Unloading 69 unused Assets / (0.5 MB). Loaded Objects now: 3191.
Memory consumption went from 130.3 MB to 129.7 MB.
Total: 16.261300 ms (FindLiveObjects: 0.409900 ms CreateObjectMapping: 0.320000 ms MarkObjects: 14.769300 ms  DeleteObjects: 0.759900 ms)

AssetImportParameters requested are different than current active one (requested -> active):
  custom:video-decoder-webm-vp8: 9c59270c3fd7afecdb556c50c9e8de78 -> 
  custom:scripting/monoscript/fileName/RainbowFoldersSettings.cs: f1d1b34eafe1ff9a8496e53d955ee321 -> 
  custom:scripting/monoscript/fileName/FolderColorDrawer.cs: 9a9faeac2c22d8ac67adc2e2f5c62a9e -> 
  custom:SearchIndexIgnoredProperties: e643bd26f0fe6173181afceb89e7c659 -> 
  custom:scripting/monoscript/fileName/FolderTypesStorage.cs: f4249e8e58408939eacc5de12f4cfcb1 -> 
  custom:container-demuxer-ogg: 62fdf1f143b41e24485cea50d1cbac27 -> 
  custom:AudioImporter_EditorPlatform: d09bf68614088b80899f8185d706f6e7 -> 
  custom:scripting/monoscript/fileName/GenericElementAdderMenu.cs: e46d39e48225436193fa3824d81daff1 -> 
  custom:scripting/monoscript/fileName/RainbowFolder.cs: cc934478ce2e1cb0b995f465850273f0 -> 
  custom:scripting/monoscript/fileName/RainbowFoldersPopup.cs: da166c10a4d7d22c4b7170f96b59b76b -> 
  custom:scripting/monoscript/fileName/IElementAdder.cs: 90647cc400823b41df847a6cbfc29026 -> 
  custom:scripting/monoscript/fileName/ReorderableListEvents.cs: c6f5ff0e82d5fa13978fc726dc8e5c4e -> 
  custom:scripting/monoscript/fileName/RainbowFolderDrawer.cs: 96706f0666108cf7e2b4477adf8c56ab -> 
  custom:scripting/monoscript/fileName/FolderPlatformsStorage.cs: 1e65408c2c5d66d8c6896a8a9260f5a7 -> 
  custom:scripting/monoscript/fileName/RainbowFoldersPreferences.cs: 8c4155e28ce7946c55e4de2ec1db64b8 -> 
  custom:scripting/monoscript/fileName/RainbowFoldersWelcome.cs: 1179928fd0ecbd53036b623d2e151cfb -> 
  custom:scripting/monoscript/fileName/IElementAdderMenuBuilder.cs: 90647cc400823b41df847a6cbfc29026 -> 
  custom:scripting/monoscript/fileName/FolderTypesStorageEditor.cs: 0f934aae3219af613178cba192aa67fc -> 
  custom:scripting/monoscript/fileName/RainbowFoldersEditorUtility.cs: ff241d0421a8f44967e13e18ea6ad451 -> 
  custom:scripting/monoscript/fileName/SerializedPropertyUtility.cs: 21807c6f6c4f71d7cccf7f259964245f -> 
  custom:scripting/monoscript/fileName/RainbowFoldersSettingsEditor.cs: 7c748ddb6c1ff1931d6af68cf9a3f06d -> 
  custom:video-decoder-ogg-theora: a1e56fd34408186e4bbccfd4996cb3dc -> 
  custom:scripting/monoscript/fileName/FolderColor.cs: e5ee1b42b22adc43635621af448e1ebe -> 
  custom:scripting/monoscript/fileName/FolderTagsStorageEditor.cs: ef54579a0f2f41717b1df2f2a63340d8 -> 
  custom:scripting/monoscript/fileName/IReorderableListDropTarget.cs: 18b56f5d5d1dc998a30073ace801fbfc -> 
  custom:framework-win-MediaFoundation: 216162199b28c13a410421893ffa2e32 -> 
  custom:scripting/monoscript/fileName/ReorderableListControl.cs: e5fee16f2ae9c71a1bce307dd3cfb127 -> 
  custom:scripting/monoscript/fileName/IReorderableListAdaptor.cs: 4355bee6fda90df86b09c6e4ce1ec14d -> 
  custom:scripting/monoscript/fileName/ReorderableListResources.cs: b46da3fad015056bb1ad62bddcba6bbc -> 
  custom:scripting/monoscript/fileName/FolderTagsStorage.cs: 76e85f76ab819d36b396a199db06ee22 -> 
  custom:video-encoder-webm-vp8: eb34c28f22e8b96e1ab97ce403110664 -> 
  custom:scripting/monoscript/fileName/RainbowFoldersBrowserIcons.cs: bbb7ba101ed4e49b676b6a9e78f4092f -> 
  custom:scripting/monoscript/fileName/FolderType.cs: 4506077af7fd597ebd9524f88547b7f2 -> 
  custom:audio-decoder-ogg-vorbis: bf7c407c2cedff20999df2af8eb42d56 -> 
  custom:scripting/monoscript/fileName/FolderColorsStorageEditor.cs: 77adf3c145ff34f98e8c3e31e3ccfa39 -> 
  custom:scripting/monoscript/fileName/ReorderableListStyles.cs: b34873e1ced50e9c790e941e43ab3e40 -> 
  custom:CustomObjectIndexerAttribute: 9a22284fe3817be447336de3de66b15e -> 
  custom:scripting/monoscript/fileName/ElementAdderMenuBuilder.cs: 3e887a7922c7ff9e21693e2ef3b24ce8 -> 
  custom:scripting/monoscript/fileName/ElementAdderMenuCommandAttribute.cs: 31652fc401a57380cb16bb9580f12aa4 -> 
  custom:scripting/monoscript/fileName/RainbowFoldersIconsMenu.cs: 707dc4503d254502d311a46e7185f9cb -> 
  custom:scripting/monoscript/fileName/AssetInfo.cs: f0627e89ee36045a3b9aba19e717d4e6 -> 
  custom:scripting/monoscript/fileName/FolderTypeDrawer.cs: 557d9204881390c44884282f33ddd497 -> 
  custom:scripting/monoscript/fileName/ReorderableListGUI.cs: a4d7e13cf20ac3083139911a0048b226 -> 
  custom:container-demuxer-webm: 4f35f7cbe854078d1ac9338744f61a02 -> 
  custom:scripting/monoscript/fileName/FolderIconPair.cs: fc321b1684ccc8161a5c7642a5434ebe -> 
  custom:scripting/monoscript/fileName/FolderTag.cs: 65103c389c6493f7baef56f5f822e2df -> 
  custom:scripting/monoscript/fileName/IElementAdderMenuCommand.cs: 90647cc400823b41df847a6cbfc29026 -> 
  custom:scripting/monoscript/fileName/FolderColorsStorage.cs: 80254f86adf6df672c98604fd5bbb504 -> 
  custom:scripting/monoscript/fileName/GenericListAdaptor.cs: 90647cc400823b41df847a6cbfc29026 -> 
  custom:audio-encoder-webm-vorbis: bf7c407c2cedff20999df2af8eb42d56 -> 
  custom:scripting/monoscript/fileName/IElementAdderMenu.cs: 8733f3873e2b1e69c412c023a9647f85 -> 
  custom:scripting/monoscript/fileName/FolderTagDrawer.cs: 83ba3b8514e8ca622aceeaee4db87cd7 -> 
  custom:scripting/monoscript/fileName/RainbowFoldersBackgroundsMenu.cs: 587057b9b2b12952effa06c16130b738 -> 
  custom:scripting/monoscript/fileName/RainbowFoldersContextMenu.cs: 19ac25c683a1660096afc8e17432bd58 -> 
  custom:scripting/monoscript/fileName/SerializedPropertyAdaptor.cs: dd35a81fb5f3c41557872e92198ddb51 -> 
  custom:scripting/monoscript/fileName/FolderPlatformsStorageEditor.cs: 2dbbda081df3360b184c387df7ab1bb7 -> 
  custom:scripting/monoscript/fileName/FolderPlatform.cs: 149e47562ba6eb427e7f4d440bb483e6 -> 
  custom:scripting/monoscript/fileName/GUIHelper.cs: 5a8322ba231b3af222c045dbd84bb601 -> 
  custom:scripting/monoscript/fileName/GenericElementAdderMenuBuilder.cs: 90647cc400823b41df847a6cbfc29026 -> 
  custom:scripting/monoscript/fileName/ElementAdderMeta.cs: b4496d5012840d0fa2febbc092105dad -> 
  custom:container-muxer-webm: aa71ff27fc2769a1b78a27578f13a17b -> 
  custom:scripting/monoscript/fileName/DraggablePopupWindow.cs: c2eb95217b2cbe6356b35c839cfb9aff -> 
  custom:scripting/monoscript/fileName/FolderPlatformDrawer.cs: acb58007b9fe91a2e7e0819ea6d2255d -> 
========================================================================
Received Prepare
Begin MonoManager ReloadAssembly
Symbol file LoadedFromMemory is not a mono symbol file
- Loaded All Assemblies, in  3.035 seconds
Refreshing native plugins compatible for Editor in 27.18 ms, found 2 plugins.
Native extension for WindowsStandalone target not found
Native extension for Android target not found
Native extension for WebGL target not found
[Package Manager] Server::EnsureServerProcessIsRunning -- launch failed, reason: Unity was launched with the -noUpm command-line argument
[Package Manager] UpmClient::Send -- Unable to send message (not connected to UPM process).
[Package Manager] Cannot connect to Unity Package Manager local server
Mono: successfully reloaded assembly
- Finished resetting the current domain, in  6.220 seconds
Domain Reload Profiling: 9266ms
	BeginReloadAssembly (1532ms)
		ExecutionOrderSort (0ms)
		DisableScriptedObjects (51ms)
		BackupInstance (0ms)
		ReleaseScriptingObjects (0ms)
		CreateAndSetChildDomain (189ms)
	RebuildCommonClasses (112ms)
	RebuildNativeTypeToScriptingClass (21ms)
	initialDomainReloadingComplete (189ms)
	LoadAllAssembliesAndSetupDomain (1191ms)
		LoadAssemblies (1485ms)
		RebuildTransferFunctionScriptingTraits (0ms)
		AnalyzeDomain (166ms)
			TypeCache.Refresh (55ms)
				TypeCache.ScanAssembly (0ms)
			ScanForSourceGeneratedMonoScriptInfo (2ms)
			ResolveRequiredComponents (94ms)
	FinalizeReload (6221ms)
		ReleaseScriptCaches (0ms)
		RebuildScriptCaches (0ms)
		SetupLoadedEditorAssemblies (2972ms)
			LogAssemblyErrors (0ms)
			InitializePlatformSupportModulesInManaged (503ms)
			SetLoadedEditorAssemblies (15ms)
			RefreshPlugins (0ms)
			BeforeProcessingInitializeOnLoad (182ms)
			ProcessInitializeOnLoadAttributes (1652ms)
			ProcessInitializeOnLoadMethodAttributes (616ms)
			AfterProcessingInitializeOnLoad (3ms)
			EditorAssembliesLoaded (1ms)
		ExecutionOrderSort2 (0ms)
		AwakeInstancesAfterBackupRestoration (12ms)
Refreshing native plugins compatible for Editor in 18.46 ms, found 2 plugins.
Preloading 0 native plugins for Editor in 0.00 ms.
Unloading 2712 Unused Serialized files (Serialized files now loaded: 0)
Unloading 60 unused Assets / (0.5 MB). Loaded Objects now: 3194.
Memory consumption went from 119.7 MB to 119.2 MB.
Total: 9.870600 ms (FindLiveObjects: 1.132200 ms CreateObjectMapping: 0.360800 ms MarkObjects: 7.975100 ms  DeleteObjects: 0.401100 ms)

Prepare: number of updated asset objects reloaded= 0
AssetImportParameters requested are different than current active one (requested -> active):
  custom:video-decoder-webm-vp8: 9c59270c3fd7afecdb556c50c9e8de78 -> 
  custom:scripting/monoscript/fileName/RainbowFoldersSettings.cs: f1d1b34eafe1ff9a8496e53d955ee321 -> 
  custom:scripting/monoscript/fileName/FolderColorDrawer.cs: 9a9faeac2c22d8ac67adc2e2f5c62a9e -> 
  custom:SearchIndexIgnoredProperties: e643bd26f0fe6173181afceb89e7c659 -> 
  custom:scripting/monoscript/fileName/FolderTypesStorage.cs: f4249e8e58408939eacc5de12f4cfcb1 -> 
  custom:container-demuxer-ogg: 62fdf1f143b41e24485cea50d1cbac27 -> 
  custom:AudioImporter_EditorPlatform: d09bf68614088b80899f8185d706f6e7 -> 
  custom:scripting/monoscript/fileName/GenericElementAdderMenu.cs: e46d39e48225436193fa3824d81daff1 -> 
  custom:scripting/monoscript/fileName/RainbowFolder.cs: cc934478ce2e1cb0b995f465850273f0 -> 
  custom:scripting/monoscript/fileName/RainbowFoldersPopup.cs: da166c10a4d7d22c4b7170f96b59b76b -> 
  custom:scripting/monoscript/fileName/IElementAdder.cs: 90647cc400823b41df847a6cbfc29026 -> 
  custom:scripting/monoscript/fileName/ReorderableListEvents.cs: c6f5ff0e82d5fa13978fc726dc8e5c4e -> 
  custom:scripting/monoscript/fileName/RainbowFolderDrawer.cs: 96706f0666108cf7e2b4477adf8c56ab -> 
  custom:scripting/monoscript/fileName/FolderPlatformsStorage.cs: 1e65408c2c5d66d8c6896a8a9260f5a7 -> 
  custom:scripting/monoscript/fileName/RainbowFoldersPreferences.cs: 8c4155e28ce7946c55e4de2ec1db64b8 -> 
  custom:scripting/monoscript/fileName/RainbowFoldersWelcome.cs: 1179928fd0ecbd53036b623d2e151cfb -> 
  custom:scripting/monoscript/fileName/IElementAdderMenuBuilder.cs: 90647cc400823b41df847a6cbfc29026 -> 
  custom:scripting/monoscript/fileName/FolderTypesStorageEditor.cs: 0f934aae3219af613178cba192aa67fc -> 
  custom:scripting/monoscript/fileName/RainbowFoldersEditorUtility.cs: ff241d0421a8f44967e13e18ea6ad451 -> 
  custom:scripting/monoscript/fileName/SerializedPropertyUtility.cs: 21807c6f6c4f71d7cccf7f259964245f -> 
  custom:scripting/monoscript/fileName/RainbowFoldersSettingsEditor.cs: 7c748ddb6c1ff1931d6af68cf9a3f06d -> 
  custom:video-decoder-ogg-theora: a1e56fd34408186e4bbccfd4996cb3dc -> 
  custom:scripting/monoscript/fileName/FolderColor.cs: e5ee1b42b22adc43635621af448e1ebe -> 
  custom:scripting/monoscript/fileName/FolderTagsStorageEditor.cs: ef54579a0f2f41717b1df2f2a63340d8 -> 
  custom:scripting/monoscript/fileName/IReorderableListDropTarget.cs: 18b56f5d5d1dc998a30073ace801fbfc -> 
  custom:framework-win-MediaFoundation: 216162199b28c13a410421893ffa2e32 -> 
  custom:scripting/monoscript/fileName/ReorderableListControl.cs: e5fee16f2ae9c71a1bce307dd3cfb127 -> 
  custom:scripting/monoscript/fileName/IReorderableListAdaptor.cs: 4355bee6fda90df86b09c6e4ce1ec14d -> 
  custom:scripting/monoscript/fileName/ReorderableListResources.cs: b46da3fad015056bb1ad62bddcba6bbc -> 
  custom:scripting/monoscript/fileName/FolderTagsStorage.cs: 76e85f76ab819d36b396a199db06ee22 -> 
  custom:video-encoder-webm-vp8: eb34c28f22e8b96e1ab97ce403110664 -> 
  custom:scripting/monoscript/fileName/RainbowFoldersBrowserIcons.cs: bbb7ba101ed4e49b676b6a9e78f4092f -> 
  custom:scripting/monoscript/fileName/FolderType.cs: 4506077af7fd597ebd9524f88547b7f2 -> 
  custom:audio-decoder-ogg-vorbis: bf7c407c2cedff20999df2af8eb42d56 -> 
  custom:scripting/monoscript/fileName/FolderColorsStorageEditor.cs: 77adf3c145ff34f98e8c3e31e3ccfa39 -> 
  custom:scripting/monoscript/fileName/ReorderableListStyles.cs: b34873e1ced50e9c790e941e43ab3e40 -> 
  custom:CustomObjectIndexerAttribute: 9a22284fe3817be447336de3de66b15e -> 
  custom:scripting/monoscript/fileName/ElementAdderMenuBuilder.cs: 3e887a7922c7ff9e21693e2ef3b24ce8 -> 
  custom:scripting/monoscript/fileName/ElementAdderMenuCommandAttribute.cs: 31652fc401a57380cb16bb9580f12aa4 -> 
  custom:scripting/monoscript/fileName/RainbowFoldersIconsMenu.cs: 707dc4503d254502d311a46e7185f9cb -> 
  custom:scripting/monoscript/fileName/AssetInfo.cs: f0627e89ee36045a3b9aba19e717d4e6 -> 
  custom:scripting/monoscript/fileName/FolderTypeDrawer.cs: 557d9204881390c44884282f33ddd497 -> 
  custom:scripting/monoscript/fileName/ReorderableListGUI.cs: a4d7e13cf20ac3083139911a0048b226 -> 
  custom:container-demuxer-webm: 4f35f7cbe854078d1ac9338744f61a02 -> 
  custom:scripting/monoscript/fileName/FolderIconPair.cs: fc321b1684ccc8161a5c7642a5434ebe -> 
  custom:scripting/monoscript/fileName/FolderTag.cs: 65103c389c6493f7baef56f5f822e2df -> 
  custom:scripting/monoscript/fileName/IElementAdderMenuCommand.cs: 90647cc400823b41df847a6cbfc29026 -> 
  custom:scripting/monoscript/fileName/FolderColorsStorage.cs: 80254f86adf6df672c98604fd5bbb504 -> 
  custom:scripting/monoscript/fileName/GenericListAdaptor.cs: 90647cc400823b41df847a6cbfc29026 -> 
  custom:audio-encoder-webm-vorbis: bf7c407c2cedff20999df2af8eb42d56 -> 
  custom:scripting/monoscript/fileName/IElementAdderMenu.cs: 8733f3873e2b1e69c412c023a9647f85 -> 
  custom:scripting/monoscript/fileName/FolderTagDrawer.cs: 83ba3b8514e8ca622aceeaee4db87cd7 -> 
  custom:scripting/monoscript/fileName/RainbowFoldersBackgroundsMenu.cs: 587057b9b2b12952effa06c16130b738 -> 
  custom:scripting/monoscript/fileName/RainbowFoldersContextMenu.cs: 19ac25c683a1660096afc8e17432bd58 -> 
  custom:scripting/monoscript/fileName/SerializedPropertyAdaptor.cs: dd35a81fb5f3c41557872e92198ddb51 -> 
  custom:scripting/monoscript/fileName/FolderPlatformsStorageEditor.cs: 2dbbda081df3360b184c387df7ab1bb7 -> 
  custom:scripting/monoscript/fileName/FolderPlatform.cs: 149e47562ba6eb427e7f4d440bb483e6 -> 
  custom:scripting/monoscript/fileName/GUIHelper.cs: 5a8322ba231b3af222c045dbd84bb601 -> 
  custom:scripting/monoscript/fileName/GenericElementAdderMenuBuilder.cs: 90647cc400823b41df847a6cbfc29026 -> 
  custom:scripting/monoscript/fileName/ElementAdderMeta.cs: b4496d5012840d0fa2febbc092105dad -> 
  custom:container-muxer-webm: aa71ff27fc2769a1b78a27578f13a17b -> 
  custom:scripting/monoscript/fileName/DraggablePopupWindow.cs: c2eb95217b2cbe6356b35c839cfb9aff -> 
  custom:scripting/monoscript/fileName/FolderPlatformDrawer.cs: acb58007b9fe91a2e7e0819ea6d2255d -> 
========================================================================
Received Import Request.
  Time since last request: 18994.034990 seconds.
  path: Assets/Scenes/SampleScene.unity
  artifactKey: Guid(99c9720ab356a0642a771bea13969a05) Importer(815301076,1909f56bfc062723c751e8b465ee728b)
Start importing Assets/Scenes/SampleScene.unity using Guid(99c9720ab356a0642a771bea13969a05) Importer(815301076,1909f56bfc062723c751e8b465ee728b) [PhysX] Initialized MultithreadedTaskDispatcher with 4 workers.
 -> (artifact id: '2034ab1a21a7ed3774c8f204bc84158a') in 0.007233 seconds
Number of updated asset objects reloaded before import = 0
Number of asset objects unloaded after import = 0
